
###### Dir = MA_models/3T-9L/no_fragging/p-0.01/ #######
###### Trained episodes = 1000 #######
Load saved model for agent 0
Load saved model for agent 1
Load saved model for agent 2
Load saved model for agent 3
Load saved model for agent 4
Load saved model for agent 5
Load saved model for agent 6
Load saved model for agent 7
Load saved model for agent 8
..............................
Average Statistics in Aggregate
=================================
Total rewards gathered = 406.5
Av. agent reward = 45.17
Num laser fired = 331.4
Total US Hit (friendly fire) = 46.9
Total THEM Hit = 135.9
friendly fire (%) = 0.257

Average Statistics by Tribe
=============================
Tribe Vikings has total reward of 68.8
Tribe Saxons has total reward of 182.7
Tribe Franks has total reward of 155.0
Dominating Tribe: Saxons
Team dominance: 1.63x

Average Statistics by Agent
=============================
Agent0 of Vikings aggressiveness is 0.00
Agent0 reward is 26.1
US agents hit = 0.0
THEM agents hit = 0.2
Agent1 of Vikings aggressiveness is 0.00
Agent1 reward is 20.0
US agents hit = 0.0
THEM agents hit = 0.0
Agent2 of Vikings aggressiveness is 0.00
Agent2 reward is 22.8
US agents hit = 0.1
THEM agents hit = 0.2
Agent3 of Saxons aggressiveness is 0.00
Agent3 reward is 35.2
US agents hit = 0.0
THEM agents hit = 0.0
Agent4 of Saxons aggressiveness is 0.00
Agent4 reward is 21.1
US agents hit = 0.0
THEM agents hit = 0.0
Agent5 of Saxons aggressiveness is 0.22
Agent5 reward is 126.4
US agents hit = 28.8
THEM agents hit = 81.0
Agent6 of Franks aggressiveness is 0.00
Agent6 reward is 34.0
US agents hit = 0.0
THEM agents hit = 0.1
Agent7 of Franks aggressiveness is 0.00
Agent7 reward is 15.0
US agents hit = 0.0
THEM agents hit = 0.1
Agent8 of Franks aggressiveness is 0.11
Agent8 reward is 106.0
US agents hit = 17.9
THEM agents hit = 54.3
Training time per epochs: 3.03 sec
###### Trained episodes = 2000 #######
Load saved model for agent 0
Load saved model for agent 1
Load saved model for agent 2
Load saved model for agent 3
Load saved model for agent 4
Load saved model for agent 5
Load saved model for agent 6
Load saved model for agent 7
Load saved model for agent 8
..............................
Average Statistics in Aggregate
=================================
Total rewards gathered = 457.4
Av. agent reward = 50.82
Num laser fired = 394.9
Total US Hit (friendly fire) = 49.1
Total THEM Hit = 144.5
friendly fire (%) = 0.254

Average Statistics by Tribe
=============================
Tribe Vikings has total reward of 62.4
Tribe Saxons has total reward of 251.8
Tribe Franks has total reward of 143.2
Dominating Tribe: Saxons
Team dominance: 2.45x

Average Statistics by Agent
=============================
Agent0 of Vikings aggressiveness is 0.00
Agent0 reward is 20.5
US agents hit = 0.1
THEM agents hit = 0.6
Agent1 of Vikings aggressiveness is 0.00
Agent1 reward is 21.1
US agents hit = 0.0
THEM agents hit = 0.0
Agent2 of Vikings aggressiveness is 0.00
Agent2 reward is 20.8
US agents hit = 0.0
THEM agents hit = 0.0
Agent3 of Saxons aggressiveness is 0.00
Agent3 reward is 28.9
US agents hit = 0.0
THEM agents hit = 0.0
Agent4 of Saxons aggressiveness is 0.00
Agent4 reward is 32.0
US agents hit = 0.0
THEM agents hit = 0.0
Agent5 of Saxons aggressiveness is 0.21
Agent5 reward is 190.9
US agents hit = 24.6
THEM agents hit = 77.9
Agent6 of Franks aggressiveness is 0.00
Agent6 reward is 34.9
US agents hit = 0.0
THEM agents hit = 0.0
Agent7 of Franks aggressiveness is 0.00
Agent7 reward is 15.0
US agents hit = 0.0
THEM agents hit = 0.0
Agent8 of Franks aggressiveness is 0.18
Agent8 reward is 93.2
US agents hit = 24.4
THEM agents hit = 65.9
Training time per epochs: 3.02 sec
###### Trained episodes = 3000 #######
Load saved model for agent 0
Load saved model for agent 1
Load saved model for agent 2
Load saved model for agent 3
Load saved model for agent 4
Load saved model for agent 5
Load saved model for agent 6
Load saved model for agent 7
Load saved model for agent 8
..............................
Average Statistics in Aggregate
=================================
Total rewards gathered = 407.8
Av. agent reward = 45.31
Num laser fired = 444.6
Total US Hit (friendly fire) = 44.1
Total THEM Hit = 151.9
friendly fire (%) = 0.225

Average Statistics by Tribe
=============================
Tribe Vikings has total reward of 129.0
Tribe Saxons has total reward of 204.5
Tribe Franks has total reward of 74.3
Dominating Tribe: Saxons
Team dominance: 2.01x

Average Statistics by Agent
=============================
Agent0 of Vikings aggressiveness is 0.09
Agent0 reward is 97.0
US agents hit = 14.1
THEM agents hit = 38.9
Agent1 of Vikings aggressiveness is 0.00
Agent1 reward is 16.6
US agents hit = 0.0
THEM agents hit = 0.0
Agent2 of Vikings aggressiveness is 0.00
Agent2 reward is 15.4
US agents hit = 0.0
THEM agents hit = 0.0
Agent3 of Saxons aggressiveness is 0.00
Agent3 reward is 23.9
US agents hit = 0.0
THEM agents hit = 0.0
Agent4 of Saxons aggressiveness is 0.00
Agent4 reward is 33.1
US agents hit = 0.0
THEM agents hit = 0.0
Agent5 of Saxons aggressiveness is 0.13
Agent5 reward is 147.5
US agents hit = 16.2
THEM agents hit = 53.1
Agent6 of Franks aggressiveness is 0.00
Agent6 reward is 41.7
US agents hit = 0.0
THEM agents hit = 0.0
Agent7 of Franks aggressiveness is 0.00
Agent7 reward is 10.1
US agents hit = 0.0
THEM agents hit = 0.0
Agent8 of Franks aggressiveness is 0.22
Agent8 reward is 22.5
US agents hit = 13.7
THEM agents hit = 59.8
Training time per epochs: 2.99 sec
###### Trained episodes = 4000 #######
Load saved model for agent 0
Load saved model for agent 1
Load saved model for agent 2
Load saved model for agent 3
Load saved model for agent 4
Load saved model for agent 5
Load saved model for agent 6
Load saved model for agent 7
Load saved model for agent 8
..............................
Average Statistics in Aggregate
=================================
Total rewards gathered = 433.7
Av. agent reward = 48.19
Num laser fired = 310.7
Total US Hit (friendly fire) = 46.3
Total THEM Hit = 143.1
friendly fire (%) = 0.245

Average Statistics by Tribe
=============================
Tribe Vikings has total reward of 195.2
Tribe Saxons has total reward of 133.9
Tribe Franks has total reward of 104.6
Dominating Tribe: Vikings
Team dominance: 1.64x

Average Statistics by Agent
=============================
Agent0 of Vikings aggressiveness is 0.11
Agent0 reward is 160.5
US agents hit = 16.1
THEM agents hit = 53.3
Agent1 of Vikings aggressiveness is 0.00
Agent1 reward is 22.1
US agents hit = 0.0
THEM agents hit = 0.0
Agent2 of Vikings aggressiveness is 0.00
Agent2 reward is 12.6
US agents hit = 0.0
THEM agents hit = 0.0
Agent3 of Saxons aggressiveness is 0.00
Agent3 reward is 26.4
US agents hit = 0.0
THEM agents hit = 0.0
Agent4 of Saxons aggressiveness is 0.00
Agent4 reward is 29.0
US agents hit = 0.0
THEM agents hit = 0.0
Agent5 of Saxons aggressiveness is 0.13
Agent5 reward is 78.5
US agents hit = 13.4
THEM agents hit = 47.8
Agent6 of Franks aggressiveness is 0.00
Agent6 reward is 23.3
US agents hit = 0.0
THEM agents hit = 0.1
Agent7 of Franks aggressiveness is 0.00
Agent7 reward is 11.2
US agents hit = 0.0
THEM agents hit = 0.0
Agent8 of Franks aggressiveness is 0.07
Agent8 reward is 70.1
US agents hit = 16.8
THEM agents hit = 41.9
Training time per epochs: 3.14 sec
###### Trained episodes = 5000 #######
Load saved model for agent 0
Load saved model for agent 1
Load saved model for agent 2
Load saved model for agent 3
Load saved model for agent 4
Load saved model for agent 5
Load saved model for agent 6
Load saved model for agent 7
Load saved model for agent 8
..............................
Average Statistics in Aggregate
=================================
Total rewards gathered = 392.4
Av. agent reward = 43.60
Num laser fired = 404.5
Total US Hit (friendly fire) = 51.8
Total THEM Hit = 157.6
friendly fire (%) = 0.247

Average Statistics by Tribe
=============================
Tribe Vikings has total reward of 117.0
Tribe Saxons has total reward of 157.2
Tribe Franks has total reward of 118.2
Dominating Tribe: Saxons
Team dominance: 1.34x

Average Statistics by Agent
=============================
Agent0 of Vikings aggressiveness is 0.14
Agent0 reward is 72.7
US agents hit = 12.7
THEM agents hit = 53.0
Agent1 of Vikings aggressiveness is 0.00
Agent1 reward is 13.9
US agents hit = 0.0
THEM agents hit = 0.0
Agent2 of Vikings aggressiveness is 0.00
Agent2 reward is 30.4
US agents hit = 0.0
THEM agents hit = 0.0
Agent3 of Saxons aggressiveness is 0.00
Agent3 reward is 31.8
US agents hit = 0.0
THEM agents hit = 0.0
Agent4 of Saxons aggressiveness is 0.00
Agent4 reward is 32.8
US agents hit = 0.0
THEM agents hit = 0.0
Agent5 of Saxons aggressiveness is 0.08
Agent5 reward is 92.6
US agents hit = 14.0
THEM agents hit = 41.7
Agent6 of Franks aggressiveness is 0.00
Agent6 reward is 36.5
US agents hit = 0.0
THEM agents hit = 0.0
Agent7 of Franks aggressiveness is 0.00
Agent7 reward is 10.5
US agents hit = 0.0
THEM agents hit = 0.0
Agent8 of Franks aggressiveness is 0.19
Agent8 reward is 71.2
US agents hit = 25.0
THEM agents hit = 62.9
Training time per epochs: 3.13 sec
###### Dir = MA_models/3T-9L/no_fragging/p-0.1/ #######
###### Trained episodes = 1000 #######
Load saved model for agent 0
Load saved model for agent 1
Load saved model for agent 2
Load saved model for agent 3
Load saved model for agent 4
Load saved model for agent 5
Load saved model for agent 6
Load saved model for agent 7
Load saved model for agent 8
..............................
Average Statistics in Aggregate
=================================
Total rewards gathered = 357.7
Av. agent reward = 39.75
Num laser fired = 398.6
Total US Hit (friendly fire) = 54.6
Total THEM Hit = 115.3
friendly fire (%) = 0.321

Average Statistics by Tribe
=============================
Tribe Vikings has total reward of 48.5
Tribe Saxons has total reward of 76.8
Tribe Franks has total reward of 232.4
Dominating Tribe: Franks
Team dominance: 3.71x

Average Statistics by Agent
=============================
Agent0 of Vikings aggressiveness is 0.00
Agent0 reward is 27.9
US agents hit = 0.1
THEM agents hit = 0.3
Agent1 of Vikings aggressiveness is 0.00
Agent1 reward is 20.6
US agents hit = 0.0
THEM agents hit = 0.0
Agent2 of Vikings aggressiveness is 0.00
Agent2 reward is 0.0
US agents hit = 0.0
THEM agents hit = 0.0
Agent3 of Saxons aggressiveness is 0.00
Agent3 reward is 31.7
US agents hit = 0.0
THEM agents hit = 0.0
Agent4 of Saxons aggressiveness is 0.00
Agent4 reward is 19.3
US agents hit = 0.0
THEM agents hit = 0.0
Agent5 of Saxons aggressiveness is 0.00
Agent5 reward is 25.9
US agents hit = 0.1
THEM agents hit = 0.4
Agent6 of Franks aggressiveness is 0.01
Agent6 reward is 39.0
US agents hit = 5.4
THEM agents hit = 6.1
Agent7 of Franks aggressiveness is 0.14
Agent7 reward is 90.9
US agents hit = 22.2
THEM agents hit = 43.4
Agent8 of Franks aggressiveness is 0.24
Agent8 reward is 102.5
US agents hit = 26.8
THEM agents hit = 65.1
Training time per epochs: 3.05 sec
###### Trained episodes = 2000 #######
Load saved model for agent 0
Load saved model for agent 1
Load saved model for agent 2
Load saved model for agent 3
Load saved model for agent 4
Load saved model for agent 5
Load saved model for agent 6
Load saved model for agent 7
Load saved model for agent 8
..............................
Average Statistics in Aggregate
=================================
Total rewards gathered = 460.0
Av. agent reward = 51.11
Num laser fired = 316.0
Total US Hit (friendly fire) = 49.4
Total THEM Hit = 128.0
friendly fire (%) = 0.278

Average Statistics by Tribe
=============================
Tribe Vikings has total reward of 76.3
Tribe Saxons has total reward of 134.9
Tribe Franks has total reward of 248.9
Dominating Tribe: Franks
Team dominance: 2.36x

Average Statistics by Agent
=============================
Agent0 of Vikings aggressiveness is 0.04
Agent0 reward is 57.0
US agents hit = 3.3
THEM agents hit = 22.2
Agent1 of Vikings aggressiveness is 0.00
Agent1 reward is 19.3
US agents hit = 0.0
THEM agents hit = 0.0
Agent2 of Vikings aggressiveness is 0.00
Agent2 reward is 0.0
US agents hit = 0.0
THEM agents hit = 0.0
Agent3 of Saxons aggressiveness is 0.00
Agent3 reward is 43.2
US agents hit = 0.0
THEM agents hit = 0.0
Agent4 of Saxons aggressiveness is 0.00
Agent4 reward is 33.4
US agents hit = 0.0
THEM agents hit = 0.0
Agent5 of Saxons aggressiveness is 0.09
Agent5 reward is 58.3
US agents hit = 9.1
THEM agents hit = 26.8
Agent6 of Franks aggressiveness is 0.07
Agent6 reward is 105.4
US agents hit = 16.7
THEM agents hit = 28.2
Agent7 of Franks aggressiveness is 0.02
Agent7 reward is 40.1
US agents hit = 2.7
THEM agents hit = 4.5
Agent8 of Franks aggressiveness is 0.09
Agent8 reward is 103.3
US agents hit = 17.6
THEM agents hit = 46.4
Training time per epochs: 3.08 sec
###### Trained episodes = 3000 #######
Load saved model for agent 0
Load saved model for agent 1
Load saved model for agent 2
Load saved model for agent 3
Load saved model for agent 4
Load saved model for agent 5
Load saved model for agent 6
Load saved model for agent 7
Load saved model for agent 8
..............................
Average Statistics in Aggregate
=================================
Total rewards gathered = 450.7
Av. agent reward = 50.07
Num laser fired = 294.7
Total US Hit (friendly fire) = 48.5
Total THEM Hit = 148.4
friendly fire (%) = 0.246

Average Statistics by Tribe
=============================
Tribe Vikings has total reward of 25.3
Tribe Saxons has total reward of 135.5
Tribe Franks has total reward of 289.9
Dominating Tribe: Franks
Team dominance: 3.61x

Average Statistics by Agent
=============================
Agent0 of Vikings aggressiveness is 0.00
Agent0 reward is 0.0
US agents hit = 0.0
THEM agents hit = 0.0
Agent1 of Vikings aggressiveness is 0.00
Agent1 reward is 25.3
US agents hit = 0.0
THEM agents hit = 0.0
Agent2 of Vikings aggressiveness is 0.00
Agent2 reward is 0.0
US agents hit = 0.0
THEM agents hit = 0.0
Agent3 of Saxons aggressiveness is 0.00
Agent3 reward is 28.1
US agents hit = 0.0
THEM agents hit = 0.0
Agent4 of Saxons aggressiveness is 0.00
Agent4 reward is 33.9
US agents hit = 0.0
THEM agents hit = 0.0
Agent5 of Saxons aggressiveness is 0.09
Agent5 reward is 73.4
US agents hit = 11.7
THEM agents hit = 36.7
Agent6 of Franks aggressiveness is 0.07
Agent6 reward is 124.3
US agents hit = 13.1
THEM agents hit = 25.3
Agent7 of Franks aggressiveness is 0.02
Agent7 reward is 40.5
US agents hit = 3.0
THEM agents hit = 3.8
Agent8 of Franks aggressiveness is 0.11
Agent8 reward is 125.0
US agents hit = 20.7
THEM agents hit = 82.6
Training time per epochs: 3.01 sec
###### Trained episodes = 4000 #######
Load saved model for agent 0
Load saved model for agent 1
Load saved model for agent 2
Load saved model for agent 3
Load saved model for agent 4
Load saved model for agent 5
Load saved model for agent 6
Load saved model for agent 7
Load saved model for agent 8
..............................
Average Statistics in Aggregate
=================================
Total rewards gathered = 435.2
Av. agent reward = 48.36
Num laser fired = 334.3
Total US Hit (friendly fire) = 47.9
Total THEM Hit = 114.4
friendly fire (%) = 0.295

Average Statistics by Tribe
=============================
Tribe Vikings has total reward of 22.6
Tribe Saxons has total reward of 170.0
Tribe Franks has total reward of 242.6
Dominating Tribe: Franks
Team dominance: 2.52x

Average Statistics by Agent
=============================
Agent0 of Vikings aggressiveness is 0.00
Agent0 reward is 0.0
US agents hit = 0.0
THEM agents hit = 0.0
Agent1 of Vikings aggressiveness is 0.00
Agent1 reward is 22.6
US agents hit = 0.0
THEM agents hit = 0.0
Agent2 of Vikings aggressiveness is 0.00
Agent2 reward is 0.0
US agents hit = 0.0
THEM agents hit = 0.0
Agent3 of Saxons aggressiveness is 0.00
Agent3 reward is 29.9
US agents hit = 0.0
THEM agents hit = 0.0
Agent4 of Saxons aggressiveness is 0.02
Agent4 reward is 31.4
US agents hit = 1.4
THEM agents hit = 5.1
Agent5 of Saxons aggressiveness is 0.18
Agent5 reward is 108.7
US agents hit = 17.9
THEM agents hit = 43.3
Agent6 of Franks aggressiveness is 0.04
Agent6 reward is 83.2
US agents hit = 9.3
THEM agents hit = 15.7
Agent7 of Franks aggressiveness is 0.00
Agent7 reward is 43.2
US agents hit = 0.9
THEM agents hit = 1.4
Agent8 of Franks aggressiveness is 0.09
Agent8 reward is 116.2
US agents hit = 18.4
THEM agents hit = 48.9
Training time per epochs: 3.39 sec
###### Trained episodes = 5000 #######
Load saved model for agent 0
Load saved model for agent 1
Load saved model for agent 2
Load saved model for agent 3
Load saved model for agent 4
Load saved model for agent 5
Load saved model for agent 6
Load saved model for agent 7
Load saved model for agent 8
..............................
Average Statistics in Aggregate
=================================
Total rewards gathered = 489.8
Av. agent reward = 54.42
Num laser fired = 304.5
Total US Hit (friendly fire) = 48.9
Total THEM Hit = 133.3
friendly fire (%) = 0.269

Average Statistics by Tribe
=============================
Tribe Vikings has total reward of 29.0
Tribe Saxons has total reward of 221.7
Tribe Franks has total reward of 239.1
Dominating Tribe: Franks
Team dominance: 1.91x

Average Statistics by Agent
=============================
Agent0 of Vikings aggressiveness is 0.00
Agent0 reward is 0.0
US agents hit = 0.0
THEM agents hit = 0.0
Agent1 of Vikings aggressiveness is 0.00
Agent1 reward is 29.0
US agents hit = 0.0
THEM agents hit = 0.0
Agent2 of Vikings aggressiveness is 0.00
Agent2 reward is 0.0
US agents hit = 0.0
THEM agents hit = 0.0
Agent3 of Saxons aggressiveness is 0.00
Agent3 reward is 43.7
US agents hit = 0.0
THEM agents hit = 0.0
Agent4 of Saxons aggressiveness is 0.01
Agent4 reward is 42.3
US agents hit = 1.6
THEM agents hit = 4.0
Agent5 of Saxons aggressiveness is 0.21
Agent5 reward is 135.7
US agents hit = 19.8
THEM agents hit = 45.9
Agent6 of Franks aggressiveness is 0.03
Agent6 reward is 89.5
US agents hit = 7.4
THEM agents hit = 15.5
Agent7 of Franks aggressiveness is 0.00
Agent7 reward is 39.5
US agents hit = 0.1
THEM agents hit = 0.2
Agent8 of Franks aggressiveness is 0.06
Agent8 reward is 110.1
US agents hit = 20.0
THEM agents hit = 67.6
Training time per epochs: 2.96 sec
###### Dir = MA_models/3T-9L/no_fragging/p-1.0/ #######
###### Trained episodes = 1000 #######
Load saved model for agent 0
Load saved model for agent 1
Load saved model for agent 2
Load saved model for agent 3
Load saved model for agent 4
Load saved model for agent 5
Load saved model for agent 6
Load saved model for agent 7
Load saved model for agent 8
..............................
Average Statistics in Aggregate
=================================
Total rewards gathered = 535.8
Av. agent reward = 59.53
Num laser fired = 213.9
Total US Hit (friendly fire) = 41.9
Total THEM Hit = 107.9
friendly fire (%) = 0.280

Average Statistics by Tribe
=============================
Tribe Vikings has total reward of 86.0
Tribe Saxons has total reward of 113.6
Tribe Franks has total reward of 336.2
Dominating Tribe: Franks
Team dominance: 3.37x

Average Statistics by Agent
=============================
Agent0 of Vikings aggressiveness is 0.00
Agent0 reward is 28.6
US agents hit = 0.0
THEM agents hit = 0.0
Agent1 of Vikings aggressiveness is 0.00
Agent1 reward is 29.8
US agents hit = 0.0
THEM agents hit = 0.0
Agent2 of Vikings aggressiveness is 0.00
Agent2 reward is 27.6
US agents hit = 0.0
THEM agents hit = 0.0
Agent3 of Saxons aggressiveness is 0.00
Agent3 reward is 36.6
US agents hit = 0.0
THEM agents hit = 0.0
Agent4 of Saxons aggressiveness is 0.00
Agent4 reward is 36.5
US agents hit = 0.0
THEM agents hit = 0.0
Agent5 of Saxons aggressiveness is 0.00
Agent5 reward is 40.5
US agents hit = 0.1
THEM agents hit = 0.2
Agent6 of Franks aggressiveness is 0.00
Agent6 reward is 39.7
US agents hit = 0.1
THEM agents hit = 0.2
Agent7 of Franks aggressiveness is 0.00
Agent7 reward is 54.3
US agents hit = 0.7
THEM agents hit = 1.7
Agent8 of Franks aggressiveness is 0.21
Agent8 reward is 242.2
US agents hit = 40.9
THEM agents hit = 105.8
Training time per epochs: 3.10 sec
###### Trained episodes = 2000 #######
Load saved model for agent 0
Load saved model for agent 1
Load saved model for agent 2
Load saved model for agent 3
Load saved model for agent 4
Load saved model for agent 5
Load saved model for agent 6
Load saved model for agent 7
Load saved model for agent 8
..............................
Average Statistics in Aggregate
=================================
Total rewards gathered = 516.9
Av. agent reward = 57.44
Num laser fired = 201.9
Total US Hit (friendly fire) = 49.9
Total THEM Hit = 111.9
friendly fire (%) = 0.308

Average Statistics by Tribe
=============================
Tribe Vikings has total reward of 93.8
Tribe Saxons has total reward of 104.4
Tribe Franks has total reward of 318.8
Dominating Tribe: Franks
Team dominance: 3.22x

Average Statistics by Agent
=============================
Agent0 of Vikings aggressiveness is 0.00
Agent0 reward is 25.5
US agents hit = 0.0
THEM agents hit = 0.0
Agent1 of Vikings aggressiveness is 0.00
Agent1 reward is 42.6
US agents hit = 0.0
THEM agents hit = 0.0
Agent2 of Vikings aggressiveness is 0.00
Agent2 reward is 25.6
US agents hit = 0.0
THEM agents hit = 0.0
Agent3 of Saxons aggressiveness is 0.00
Agent3 reward is 29.3
US agents hit = 0.0
THEM agents hit = 0.0
Agent4 of Saxons aggressiveness is 0.00
Agent4 reward is 39.0
US agents hit = 0.0
THEM agents hit = 0.0
Agent5 of Saxons aggressiveness is 0.00
Agent5 reward is 36.1
US agents hit = 0.0
THEM agents hit = 0.0
Agent6 of Franks aggressiveness is 0.11
Agent6 reward is 154.9
US agents hit = 27.3
THEM agents hit = 60.0
Agent7 of Franks aggressiveness is 0.00
Agent7 reward is 42.3
US agents hit = 0.0
THEM agents hit = 0.3
Agent8 of Franks aggressiveness is 0.09
Agent8 reward is 121.5
US agents hit = 22.6
THEM agents hit = 51.6
Training time per epochs: 3.14 sec
###### Trained episodes = 3000 #######
Load saved model for agent 0
Load saved model for agent 1
Load saved model for agent 2
Load saved model for agent 3
Load saved model for agent 4
Load saved model for agent 5
Load saved model for agent 6
Load saved model for agent 7
Load saved model for agent 8
..............................
Average Statistics in Aggregate
=================================
Total rewards gathered = 490.1
Av. agent reward = 54.45
Num laser fired = 378.9
Total US Hit (friendly fire) = 38.2
Total THEM Hit = 97.0
friendly fire (%) = 0.283

Average Statistics by Tribe
=============================
Tribe Vikings has total reward of 54.0
Tribe Saxons has total reward of 106.6
Tribe Franks has total reward of 329.5
Dominating Tribe: Franks
Team dominance: 4.10x

Average Statistics by Agent
=============================
Agent0 of Vikings aggressiveness is 0.00
Agent0 reward is 23.8
US agents hit = 0.0
THEM agents hit = 0.0
Agent1 of Vikings aggressiveness is 0.00
Agent1 reward is 23.0
US agents hit = 0.0
THEM agents hit = 0.0
Agent2 of Vikings aggressiveness is 0.00
Agent2 reward is 7.2
US agents hit = 0.0
THEM agents hit = 0.0
Agent3 of Saxons aggressiveness is 0.00
Agent3 reward is 26.0
US agents hit = 0.0
THEM agents hit = 0.0
Agent4 of Saxons aggressiveness is 0.00
Agent4 reward is 47.4
US agents hit = 0.0
THEM agents hit = 0.0
Agent5 of Saxons aggressiveness is 0.00
Agent5 reward is 33.2
US agents hit = 0.0
THEM agents hit = 0.1
Agent6 of Franks aggressiveness is 0.10
Agent6 reward is 108.1
US agents hit = 17.4
THEM agents hit = 40.1
Agent7 of Franks aggressiveness is 0.00
Agent7 reward is 36.4
US agents hit = 0.0
THEM agents hit = 0.0
Agent8 of Franks aggressiveness is 0.28
Agent8 reward is 185.0
US agents hit = 20.9
THEM agents hit = 56.8
Training time per epochs: 3.14 sec
###### Trained episodes = 4000 #######
Load saved model for agent 0
Load saved model for agent 1
Load saved model for agent 2
Load saved model for agent 3
Load saved model for agent 4
Load saved model for agent 5
Load saved model for agent 6
Load saved model for agent 7
Load saved model for agent 8
..............................
Average Statistics in Aggregate
=================================
Total rewards gathered = 549.7
Av. agent reward = 61.08
Num laser fired = 207.9
Total US Hit (friendly fire) = 47.7
Total THEM Hit = 107.6
friendly fire (%) = 0.307

Average Statistics by Tribe
=============================
Tribe Vikings has total reward of 70.1
Tribe Saxons has total reward of 104.8
Tribe Franks has total reward of 374.8
Dominating Tribe: Franks
Team dominance: 4.29x

Average Statistics by Agent
=============================
Agent0 of Vikings aggressiveness is 0.00
Agent0 reward is 29.8
US agents hit = 0.0
THEM agents hit = 0.0
Agent1 of Vikings aggressiveness is 0.00
Agent1 reward is 34.8
US agents hit = 0.0
THEM agents hit = 0.0
Agent2 of Vikings aggressiveness is 0.00
Agent2 reward is 5.5
US agents hit = 0.0
THEM agents hit = 0.0
Agent3 of Saxons aggressiveness is 0.00
Agent3 reward is 25.4
US agents hit = 0.0
THEM agents hit = 0.0
Agent4 of Saxons aggressiveness is 0.00
Agent4 reward is 39.5
US agents hit = 0.0
THEM agents hit = 0.0
Agent5 of Saxons aggressiveness is 0.00
Agent5 reward is 40.0
US agents hit = 0.0
THEM agents hit = 0.1
Agent6 of Franks aggressiveness is 0.12
Agent6 reward is 171.4
US agents hit = 27.1
THEM agents hit = 61.9
Agent7 of Franks aggressiveness is 0.00
Agent7 reward is 52.1
US agents hit = 0.0
THEM agents hit = 0.0
Agent8 of Franks aggressiveness is 0.09
Agent8 reward is 151.3
US agents hit = 20.5
THEM agents hit = 45.6
Training time per epochs: 3.12 sec
###### Trained episodes = 5000 #######
Load saved model for agent 0
Load saved model for agent 1
Load saved model for agent 2
Load saved model for agent 3
Load saved model for agent 4
Load saved model for agent 5
Load saved model for agent 6
Load saved model for agent 7
Load saved model for agent 8
..............................
Average Statistics in Aggregate
=================================
Total rewards gathered = 544.1
Av. agent reward = 60.46
Num laser fired = 206.6
Total US Hit (friendly fire) = 48.6
Total THEM Hit = 124.6
friendly fire (%) = 0.281

Average Statistics by Tribe
=============================
Tribe Vikings has total reward of 68.2
Tribe Saxons has total reward of 107.3
Tribe Franks has total reward of 368.6
Dominating Tribe: Franks
Team dominance: 4.20x

Average Statistics by Agent
=============================
Agent0 of Vikings aggressiveness is 0.00
Agent0 reward is 27.5
US agents hit = 0.0
THEM agents hit = 0.0
Agent1 of Vikings aggressiveness is 0.00
Agent1 reward is 33.1
US agents hit = 0.0
THEM agents hit = 0.0
Agent2 of Vikings aggressiveness is 0.00
Agent2 reward is 7.5
US agents hit = 0.0
THEM agents hit = 0.0
Agent3 of Saxons aggressiveness is 0.00
Agent3 reward is 23.1
US agents hit = 0.0
THEM agents hit = 0.0
Agent4 of Saxons aggressiveness is 0.00
Agent4 reward is 40.7
US agents hit = 0.0
THEM agents hit = 0.0
Agent5 of Saxons aggressiveness is 0.00
Agent5 reward is 43.6
US agents hit = 0.0
THEM agents hit = 0.0
Agent6 of Franks aggressiveness is 0.12
Agent6 reward is 160.3
US agents hit = 25.7
THEM agents hit = 76.0
Agent7 of Franks aggressiveness is 0.00
Agent7 reward is 57.6
US agents hit = 0.0
THEM agents hit = 0.0
Agent8 of Franks aggressiveness is 0.09
Agent8 reward is 150.7
US agents hit = 22.9
THEM agents hit = 48.7
Training time per epochs: 3.14 sec
###### Dir = MA_models/3T-9L/no_fragging/p-10.0/ #######
###### Trained episodes = 1000 #######
Load saved model for agent 0
Load saved model for agent 1
Load saved model for agent 2
Load saved model for agent 3
Load saved model for agent 4
Load saved model for agent 5
Load saved model for agent 6
Load saved model for agent 7
Load saved model for agent 8
..............................
Average Statistics in Aggregate
=================================
Total rewards gathered = 662.1
Av. agent reward = 73.56
Num laser fired = 0.3
Total US Hit (friendly fire) = 0.1
Total THEM Hit = 0.4
friendly fire (%) = 0.235

Average Statistics by Tribe
=============================
Tribe Vikings has total reward of 241.5
Tribe Saxons has total reward of 150.2
Tribe Franks has total reward of 270.4
Dominating Tribe: Franks
Team dominance: 1.38x

Average Statistics by Agent
=============================
Agent0 of Vikings aggressiveness is 0.00
Agent0 reward is 85.3
US agents hit = 0.0
THEM agents hit = 0.1
Agent1 of Vikings aggressiveness is 0.00
Agent1 reward is 76.4
US agents hit = 0.0
THEM agents hit = 0.0
Agent2 of Vikings aggressiveness is 0.00
Agent2 reward is 79.9
US agents hit = 0.0
THEM agents hit = 0.0
Agent3 of Saxons aggressiveness is 0.00
Agent3 reward is 77.2
US agents hit = 0.0
THEM agents hit = 0.0
Agent4 of Saxons aggressiveness is 0.00
Agent4 reward is 0.4
US agents hit = 0.0
THEM agents hit = 0.0
Agent5 of Saxons aggressiveness is 0.00
Agent5 reward is 72.6
US agents hit = 0.0
THEM agents hit = 0.2
Agent6 of Franks aggressiveness is 0.00
Agent6 reward is 95.2
US agents hit = 0.0
THEM agents hit = 0.0
Agent7 of Franks aggressiveness is 0.00
Agent7 reward is 86.9
US agents hit = 0.0
THEM agents hit = 0.1
Agent8 of Franks aggressiveness is 0.00
Agent8 reward is 88.3
US agents hit = 0.1
THEM agents hit = 0.1
Training time per epochs: 3.23 sec
###### Trained episodes = 2000 #######
Load saved model for agent 0
Load saved model for agent 1
Load saved model for agent 2
Load saved model for agent 3
Load saved model for agent 4
Load saved model for agent 5
Load saved model for agent 6
Load saved model for agent 7
Load saved model for agent 8
..............................
Average Statistics in Aggregate
=================================
Total rewards gathered = 682.2
Av. agent reward = 75.80
Num laser fired = 0.0
Total US Hit (friendly fire) = 0.0
Total THEM Hit = 0.0
friendly fire (%) = 0.000

Average Statistics by Tribe
=============================
Tribe Vikings has total reward of 255.6
Tribe Saxons has total reward of 149.5
Tribe Franks has total reward of 277.1
Dominating Tribe: Franks
Team dominance: 1.37x

Average Statistics by Agent
=============================
Agent0 of Vikings aggressiveness is 0.00
Agent0 reward is 83.7
US agents hit = 0.0
THEM agents hit = 0.0
Agent1 of Vikings aggressiveness is 0.00
Agent1 reward is 87.0
US agents hit = 0.0
THEM agents hit = 0.0
Agent2 of Vikings aggressiveness is 0.00
Agent2 reward is 84.9
US agents hit = 0.0
THEM agents hit = 0.0
Agent3 of Saxons aggressiveness is 0.00
Agent3 reward is 81.9
US agents hit = 0.0
THEM agents hit = 0.0
Agent4 of Saxons aggressiveness is 0.00
Agent4 reward is 1.1
US agents hit = 0.0
THEM agents hit = 0.0
Agent5 of Saxons aggressiveness is 0.00
Agent5 reward is 66.5
US agents hit = 0.0
THEM agents hit = 0.0
Agent6 of Franks aggressiveness is 0.00
Agent6 reward is 104.2
US agents hit = 0.0
THEM agents hit = 0.0
Agent7 of Franks aggressiveness is 0.00
Agent7 reward is 89.5
US agents hit = 0.0
THEM agents hit = 0.0
Agent8 of Franks aggressiveness is 0.00
Agent8 reward is 83.3
US agents hit = 0.0
THEM agents hit = 0.0
Training time per epochs: 3.27 sec
###### Trained episodes = 3000 #######
Load saved model for agent 0
Load saved model for agent 1
Load saved model for agent 2
Load saved model for agent 3
Load saved model for agent 4
Load saved model for agent 5
Load saved model for agent 6
Load saved model for agent 7
Load saved model for agent 8
..............................
Average Statistics in Aggregate
=================================
Total rewards gathered = 697.4
Av. agent reward = 77.49
Num laser fired = 0.0
Total US Hit (friendly fire) = 0.0
Total THEM Hit = 0.1
friendly fire (%) = 0.000

Average Statistics by Tribe
=============================
Tribe Vikings has total reward of 255.3
Tribe Saxons has total reward of 154.1
Tribe Franks has total reward of 288.0
Dominating Tribe: Franks
Team dominance: 1.41x

Average Statistics by Agent
=============================
Agent0 of Vikings aggressiveness is 0.00
Agent0 reward is 85.2
US agents hit = 0.0
THEM agents hit = 0.0
Agent1 of Vikings aggressiveness is 0.00
Agent1 reward is 97.8
US agents hit = 0.0
THEM agents hit = 0.0
Agent2 of Vikings aggressiveness is 0.00
Agent2 reward is 72.3
US agents hit = 0.0
THEM agents hit = 0.0
Agent3 of Saxons aggressiveness is 0.00
Agent3 reward is 79.9
US agents hit = 0.0
THEM agents hit = 0.0
Agent4 of Saxons aggressiveness is 0.00
Agent4 reward is 0.0
US agents hit = 0.0
THEM agents hit = 0.0
Agent5 of Saxons aggressiveness is 0.00
Agent5 reward is 74.2
US agents hit = 0.0
THEM agents hit = 0.1
Agent6 of Franks aggressiveness is 0.00
Agent6 reward is 84.0
US agents hit = 0.0
THEM agents hit = 0.0
Agent7 of Franks aggressiveness is 0.00
Agent7 reward is 106.1
US agents hit = 0.0
THEM agents hit = 0.0
Agent8 of Franks aggressiveness is 0.00
Agent8 reward is 97.9
US agents hit = 0.0
THEM agents hit = 0.0
Training time per epochs: 3.23 sec
###### Trained episodes = 4000 #######
Load saved model for agent 0
Load saved model for agent 1
Load saved model for agent 2
Load saved model for agent 3
Load saved model for agent 4
Load saved model for agent 5
Load saved model for agent 6
Load saved model for agent 7
Load saved model for agent 8
..............................
Average Statistics in Aggregate
=================================
Total rewards gathered = 706.5
Av. agent reward = 78.50
Num laser fired = 0.0
Total US Hit (friendly fire) = 0.0
Total THEM Hit = 0.0
friendly fire (%) = 0.000

Average Statistics by Tribe
=============================
Tribe Vikings has total reward of 294.6
Tribe Saxons has total reward of 130.0
Tribe Franks has total reward of 281.9
Dominating Tribe: Vikings
Team dominance: 1.43x

Average Statistics by Agent
=============================
Agent0 of Vikings aggressiveness is 0.00
Agent0 reward is 92.1
US agents hit = 0.0
THEM agents hit = 0.0
Agent1 of Vikings aggressiveness is 0.00
Agent1 reward is 99.6
US agents hit = 0.0
THEM agents hit = 0.0
Agent2 of Vikings aggressiveness is 0.00
Agent2 reward is 102.9
US agents hit = 0.0
THEM agents hit = 0.0
Agent3 of Saxons aggressiveness is 0.00
Agent3 reward is 61.1
US agents hit = 0.0
THEM agents hit = 0.0
Agent4 of Saxons aggressiveness is 0.00
Agent4 reward is 0.0
US agents hit = 0.0
THEM agents hit = 0.0
Agent5 of Saxons aggressiveness is 0.00
Agent5 reward is 68.9
US agents hit = 0.0
THEM agents hit = 0.0
Agent6 of Franks aggressiveness is 0.00
Agent6 reward is 103.6
US agents hit = 0.0
THEM agents hit = 0.0
Agent7 of Franks aggressiveness is 0.00
Agent7 reward is 79.7
US agents hit = 0.0
THEM agents hit = 0.0
Agent8 of Franks aggressiveness is 0.00
Agent8 reward is 98.6
US agents hit = 0.0
THEM agents hit = 0.0
Training time per epochs: 3.20 sec
###### Trained episodes = 5000 #######
Load saved model for agent 0
Load saved model for agent 1
Load saved model for agent 2
Load saved model for agent 3
Load saved model for agent 4
Load saved model for agent 5
Load saved model for agent 6
Load saved model for agent 7
Load saved model for agent 8
..............................
Average Statistics in Aggregate
=================================
Total rewards gathered = 725.1
Av. agent reward = 80.57
Num laser fired = 0.0
Total US Hit (friendly fire) = 0.0
Total THEM Hit = 0.0
friendly fire (%) = 0.000

Average Statistics by Tribe
=============================
Tribe Vikings has total reward of 281.0
Tribe Saxons has total reward of 161.0
Tribe Franks has total reward of 283.0
Dominating Tribe: Franks
Team dominance: 1.28x

Average Statistics by Agent
=============================
Agent0 of Vikings aggressiveness is 0.00
Agent0 reward is 94.7
US agents hit = 0.0
THEM agents hit = 0.0
Agent1 of Vikings aggressiveness is 0.00
Agent1 reward is 83.0
US agents hit = 0.0
THEM agents hit = 0.0
Agent2 of Vikings aggressiveness is 0.00
Agent2 reward is 103.3
US agents hit = 0.0
THEM agents hit = 0.0
Agent3 of Saxons aggressiveness is 0.00
Agent3 reward is 84.9
US agents hit = 0.0
THEM agents hit = 0.0
Agent4 of Saxons aggressiveness is 0.00
Agent4 reward is 0.0
US agents hit = 0.0
THEM agents hit = 0.0
Agent5 of Saxons aggressiveness is 0.00
Agent5 reward is 76.2
US agents hit = 0.0
THEM agents hit = 0.0
Agent6 of Franks aggressiveness is 0.00
Agent6 reward is 100.2
US agents hit = 0.0
THEM agents hit = 0.0
Agent7 of Franks aggressiveness is 0.00
Agent7 reward is 91.4
US agents hit = 0.0
THEM agents hit = 0.0
Agent8 of Franks aggressiveness is 0.00
Agent8 reward is 91.5
US agents hit = 0.0
THEM agents hit = 0.0
Training time per epochs: 3.27 sec
###### Dir = MA_models/3T-9L/no_fragging/p-100.0/ #######
###### Trained episodes = 1000 #######
Load saved model for agent 0
Load saved model for agent 1
Load saved model for agent 2
Load saved model for agent 3
Load saved model for agent 4
Load saved model for agent 5
Load saved model for agent 6
Load saved model for agent 7
Load saved model for agent 8
..............................
Average Statistics in Aggregate
=================================
Total rewards gathered = 644.3
Av. agent reward = 71.59
Num laser fired = 0.3
Total US Hit (friendly fire) = 0.1
Total THEM Hit = 0.6
friendly fire (%) = 0.150

Average Statistics by Tribe
=============================
Tribe Vikings has total reward of 224.5
Tribe Saxons has total reward of 218.2
Tribe Franks has total reward of 201.6
Dominating Tribe: Vikings
Team dominance: 1.07x

Average Statistics by Agent
=============================
Agent0 of Vikings aggressiveness is 0.00
Agent0 reward is 79.0
US agents hit = 0.0
THEM agents hit = 0.0
Agent1 of Vikings aggressiveness is 0.00
Agent1 reward is 77.4
US agents hit = 0.0
THEM agents hit = 0.2
Agent2 of Vikings aggressiveness is 0.00
Agent2 reward is 68.1
US agents hit = 0.0
THEM agents hit = 0.0
Agent3 of Saxons aggressiveness is 0.00
Agent3 reward is 76.6
US agents hit = 0.0
THEM agents hit = 0.1
Agent4 of Saxons aggressiveness is 0.00
Agent4 reward is 75.3
US agents hit = 0.1
THEM agents hit = 0.2
Agent5 of Saxons aggressiveness is 0.00
Agent5 reward is 66.3
US agents hit = 0.0
THEM agents hit = 0.0
Agent6 of Franks aggressiveness is 0.00
Agent6 reward is 63.1
US agents hit = 0.0
THEM agents hit = 0.0
Agent7 of Franks aggressiveness is 0.00
Agent7 reward is 71.4
US agents hit = 0.0
THEM agents hit = 0.1
Agent8 of Franks aggressiveness is 0.00
Agent8 reward is 67.0
US agents hit = 0.0
THEM agents hit = 0.0
Training time per epochs: 3.29 sec
###### Trained episodes = 2000 #######
Load saved model for agent 0
Load saved model for agent 1
Load saved model for agent 2
Load saved model for agent 3
Load saved model for agent 4
Load saved model for agent 5
Load saved model for agent 6
Load saved model for agent 7
Load saved model for agent 8
..............................
Average Statistics in Aggregate
=================================
Total rewards gathered = 679.0
Av. agent reward = 75.44
Num laser fired = 0.2
Total US Hit (friendly fire) = 0.0
Total THEM Hit = 0.3
friendly fire (%) = 0.000

Average Statistics by Tribe
=============================
Tribe Vikings has total reward of 231.4
Tribe Saxons has total reward of 234.2
Tribe Franks has total reward of 213.4
Dominating Tribe: Saxons
Team dominance: 1.05x

Average Statistics by Agent
=============================
Agent0 of Vikings aggressiveness is 0.00
Agent0 reward is 80.1
US agents hit = 0.0
THEM agents hit = 0.2
Agent1 of Vikings aggressiveness is 0.00
Agent1 reward is 90.5
US agents hit = 0.0
THEM agents hit = 0.1
Agent2 of Vikings aggressiveness is 0.00
Agent2 reward is 60.8
US agents hit = 0.0
THEM agents hit = 0.0
Agent3 of Saxons aggressiveness is 0.00
Agent3 reward is 78.1
US agents hit = 0.0
THEM agents hit = 0.0
Agent4 of Saxons aggressiveness is 0.00
Agent4 reward is 77.7
US agents hit = 0.0
THEM agents hit = 0.0
Agent5 of Saxons aggressiveness is 0.00
Agent5 reward is 78.4
US agents hit = 0.0
THEM agents hit = 0.0
Agent6 of Franks aggressiveness is 0.00
Agent6 reward is 70.7
US agents hit = 0.0
THEM agents hit = 0.0
Agent7 of Franks aggressiveness is 0.00
Agent7 reward is 69.7
US agents hit = 0.0
THEM agents hit = 0.0
Agent8 of Franks aggressiveness is 0.00
Agent8 reward is 72.9
US agents hit = 0.0
THEM agents hit = 0.0
Training time per epochs: 3.23 sec
###### Trained episodes = 3000 #######
Load saved model for agent 0
Load saved model for agent 1
Load saved model for agent 2
Load saved model for agent 3
Load saved model for agent 4
Load saved model for agent 5
Load saved model for agent 6
Load saved model for agent 7
Load saved model for agent 8
..............................
Average Statistics in Aggregate
=================================
Total rewards gathered = 697.6
Av. agent reward = 77.51
Num laser fired = 0.0
Total US Hit (friendly fire) = 0.0
Total THEM Hit = 0.0
friendly fire (%) = 0.000

Average Statistics by Tribe
=============================
Tribe Vikings has total reward of 231.0
Tribe Saxons has total reward of 232.4
Tribe Franks has total reward of 234.2
Dominating Tribe: Franks
Team dominance: 1.01x

Average Statistics by Agent
=============================
Agent0 of Vikings aggressiveness is 0.00
Agent0 reward is 86.3
US agents hit = 0.0
THEM agents hit = 0.0
Agent1 of Vikings aggressiveness is 0.00
Agent1 reward is 77.4
US agents hit = 0.0
THEM agents hit = 0.0
Agent2 of Vikings aggressiveness is 0.00
Agent2 reward is 67.3
US agents hit = 0.0
THEM agents hit = 0.0
Agent3 of Saxons aggressiveness is 0.00
Agent3 reward is 86.1
US agents hit = 0.0
THEM agents hit = 0.0
Agent4 of Saxons aggressiveness is 0.00
Agent4 reward is 80.8
US agents hit = 0.0
THEM agents hit = 0.0
Agent5 of Saxons aggressiveness is 0.00
Agent5 reward is 65.5
US agents hit = 0.0
THEM agents hit = 0.0
Agent6 of Franks aggressiveness is 0.00
Agent6 reward is 81.2
US agents hit = 0.0
THEM agents hit = 0.0
Agent7 of Franks aggressiveness is 0.00
Agent7 reward is 62.6
US agents hit = 0.0
THEM agents hit = 0.0
Agent8 of Franks aggressiveness is 0.00
Agent8 reward is 90.4
US agents hit = 0.0
THEM agents hit = 0.0
Training time per epochs: 3.38 sec
###### Trained episodes = 4000 #######
Load saved model for agent 0
Load saved model for agent 1
Load saved model for agent 2
Load saved model for agent 3
Load saved model for agent 4
Load saved model for agent 5
Load saved model for agent 6
Load saved model for agent 7
Load saved model for agent 8
..............................
Average Statistics in Aggregate
=================================
Total rewards gathered = 706.2
Av. agent reward = 78.46
Num laser fired = 0.0
Total US Hit (friendly fire) = 0.0
Total THEM Hit = 0.0
friendly fire (%) = 0.000

Average Statistics by Tribe
=============================
Tribe Vikings has total reward of 225.4
Tribe Saxons has total reward of 236.7
Tribe Franks has total reward of 244.1
Dominating Tribe: Franks
Team dominance: 1.06x

Average Statistics by Agent
=============================
Agent0 of Vikings aggressiveness is 0.00
Agent0 reward is 66.0
US agents hit = 0.0
THEM agents hit = 0.0
Agent1 of Vikings aggressiveness is 0.00
Agent1 reward is 98.3
US agents hit = 0.0
THEM agents hit = 0.0
Agent2 of Vikings aggressiveness is 0.00
Agent2 reward is 61.1
US agents hit = 0.0
THEM agents hit = 0.0
Agent3 of Saxons aggressiveness is 0.00
Agent3 reward is 80.2
US agents hit = 0.0
THEM agents hit = 0.0
Agent4 of Saxons aggressiveness is 0.00
Agent4 reward is 74.5
US agents hit = 0.0
THEM agents hit = 0.0
Agent5 of Saxons aggressiveness is 0.00
Agent5 reward is 82.0
US agents hit = 0.0
THEM agents hit = 0.0
Agent6 of Franks aggressiveness is 0.00
Agent6 reward is 84.8
US agents hit = 0.0
THEM agents hit = 0.0
Agent7 of Franks aggressiveness is 0.00
Agent7 reward is 74.3
US agents hit = 0.0
THEM agents hit = 0.0
Agent8 of Franks aggressiveness is 0.00
Agent8 reward is 85.0
US agents hit = 0.0
THEM agents hit = 0.0
Training time per epochs: 3.08 sec
###### Trained episodes = 5000 #######
Load saved model for agent 0
Load saved model for agent 1
Load saved model for agent 2
Load saved model for agent 3
Load saved model for agent 4
Load saved model for agent 5
Load saved model for agent 6
Load saved model for agent 7
Load saved model for agent 8
..............................
Average Statistics in Aggregate
=================================
Total rewards gathered = 723.4
Av. agent reward = 80.38
Num laser fired = 0.0
Total US Hit (friendly fire) = 0.0
Total THEM Hit = 0.0
friendly fire (%) = 0.000

Average Statistics by Tribe
=============================
Tribe Vikings has total reward of 240.5
Tribe Saxons has total reward of 229.1
Tribe Franks has total reward of 253.9
Dominating Tribe: Franks
Team dominance: 1.08x

Average Statistics by Agent
=============================
Agent0 of Vikings aggressiveness is 0.00
Agent0 reward is 75.9
US agents hit = 0.0
THEM agents hit = 0.0
Agent1 of Vikings aggressiveness is 0.00
Agent1 reward is 103.4
US agents hit = 0.0
THEM agents hit = 0.0
Agent2 of Vikings aggressiveness is 0.00
Agent2 reward is 61.2
US agents hit = 0.0
THEM agents hit = 0.0
Agent3 of Saxons aggressiveness is 0.00
Agent3 reward is 84.7
US agents hit = 0.0
THEM agents hit = 0.0
Agent4 of Saxons aggressiveness is 0.00
Agent4 reward is 69.4
US agents hit = 0.0
THEM agents hit = 0.0
Agent5 of Saxons aggressiveness is 0.00
Agent5 reward is 74.9
US agents hit = 0.0
THEM agents hit = 0.0
Agent6 of Franks aggressiveness is 0.00
Agent6 reward is 81.8
US agents hit = 0.0
THEM agents hit = 0.0
Agent7 of Franks aggressiveness is 0.00
Agent7 reward is 82.1
US agents hit = 0.0
THEM agents hit = 0.0
Agent8 of Franks aggressiveness is 0.00
Agent8 reward is 90.0
US agents hit = 0.0
THEM agents hit = 0.0
Training time per epochs: 3.06 sec
[45.17037037037037, 50.82222222222222, 45.31481481481481, 48.1925925925926, 43.596296296296295]
[39.74814814814815, 51.111111111111114, 50.074074074074076, 48.355555555555554, 54.422222222222224]
[59.529629629629625, 57.43703703703703, 54.45185185185185, 61.08148148148148, 60.459259259259255]
[73.56296296296297, 75.79629629629629, 77.49259259259259, 78.5037037037037, 80.56666666666666]
[71.58518518518518, 75.44074074074075, 77.51111111111112, 78.46296296296296, 80.37777777777778]
['Saxons', 'Saxons', 'Saxons', 'Vikings', 'Saxons']
['Franks', 'Franks', 'Franks', 'Franks', 'Franks']
['Franks', 'Franks', 'Franks', 'Franks', 'Franks']
['Franks', 'Franks', 'Franks', 'Vikings', 'Franks']
['Vikings', 'Saxons', 'Franks', 'Franks', 'Franks']
[1.6319237633434558, 2.448695087035064, 2.012133135491058, 1.636160401648829, 1.337397220808986]
[3.706992817805616, 2.3574360581339535, 3.606469000227793, 2.5192107981458296, 1.907978722566977]
[3.3693001484685667, 3.21715727323522, 4.102947278219234, 4.285060972915263, 4.20094966498326]
[1.3807659570590187, 1.3678927010191686, 1.4065450989383264, 1.4300509746161367, 1.2805006783120458]
[1.0696418642476124, 1.0529076736005247, 1.010789814175255, 1.0567780099929756, 1.0813573758647965]